<?xml version="1.0" encoding="UTF-8"?>
<testsuite name="com.tandem.community.presentation.util.LanguageTest" tests="3" skipped="0" failures="0" errors="0" timestamp="2026-06-16T13:49:09" hostname="RQXHF40QG6" time="0.003">
  <properties/>
  <testcase name="label combines flag and name" classname="com.tandem.community.presentation.util.LanguageTest" time="0.003"/>
  <testcase name="known code resolves to display name" classname="com.tandem.community.presentation.util.LanguageTest" time="0.0"/>
  <testcase name="unknown code falls back to upper-cased code" classname="com.tandem.community.presentation.util.LanguageTest" time="0.0"/>
  <system-out><![CDATA[]]></system-out>
  <system-err><![CDATA[]]></system-err>
</testsuite>
